1586568961711	mozrunner::runner	INFO	Running command: "C:\\Program Files\\Mozilla Firefox\\firefox.exe" "-marionette" "-foreground" "-no-remote" "-profile" "C:\\Users\\DELL\\AppData\\Local\\Temp\\rust_mozprofile.2LTturyNTkR0"
1586568962541	addons.webextension.doh-rollout@mozilla.org	WARN	Loading extension 'doh-rollout@mozilla.org': Reading manifest: Invalid extension permission: networkStatus
1586568963699	addons.webextension.screenshots@mozilla.org	WARN	Loading extension 'screenshots@mozilla.org': Reading manifest: Invalid extension permission: mozillaAddons
1586568963699	addons.webextension.screenshots@mozilla.org	WARN	Loading extension 'screenshots@mozilla.org': Reading manifest: Invalid extension permission: telemetry
1586568963748	addons.webextension.screenshots@mozilla.org	WARN	Loading extension 'screenshots@mozilla.org': Reading manifest: Invalid extension permission: resource://pdf.js/
1586568963749	addons.webextension.screenshots@mozilla.org	WARN	Loading extension 'screenshots@mozilla.org': Reading manifest: Invalid extension permission: about:reader*
JavaScript error: resource://gre/modules/XULStore.jsm, line 66: Error: Can't find profile directory.
1586568967317	Marionette	INFO	Listening on port 56124
1586568967481	Marionette	WARN	TLS certificate errors will be ignored for this session
JavaScript error: resource:///actors/AboutReaderChild.jsm, line 95: NS_ERROR_UNEXPECTED: 
IPDL protocol error: Handler returned error code!

###!!! [Parent][DispatchAsyncMessage] Error: PBackgroundStorage::Msg_AsyncUpdateItem Processing error: message was deserialized, but the handler returned false (indicating failure)

org': Reading manifest: Invalid extension permission: networkStatus
1586569035662	addons.webextension.screenshots@mozilla.org	WARN	Loading extension 'screenshots@mozilla.org': Reading manifest: Invalid extension permission: mozillaAddons
1586569035662	addons.webextension.screenshots@mozilla.org	WARN	Loading extension 'screenshots@mozilla.org': Reading manifest: Invalid extension permission: telemetry
1586569035662	addons.webextension.screenshots@mozilla.org	WARN	Loading extension 'screenshots@mozilla.org': Reading manifest: Invalid extension permission: resource://pdf.js/
1586569035663	addons.webextension.screenshots@mozilla.org	WARN	Loading extension 'screenshots@mozilla.org': Reading manifest: Invalid extension permission: about:reader*
JavaScript error: resource://gre/modules/XULStore.jsm, line 66: Error: Can't find profile directory.
1586569039054	Marionette	INFO	Listening on port 56208
1586569039414	Marionette	WARN	TLS certificate errors will be ignored for this session
JavaScript error: resource://gre/modules/NetworkGeolocationProvider.jsm, line 555: TypeError: xhr.response.location is undefined
JavaScript error: resource:///actors/AboutReaderChild.jsm, line 95: NS_ERROR_UNEXPECTED: 
firefox.exe" "-marionette" "-foreground" "-no-remote" "-profile" "C:\\Users\\DELL\\AppData\\Local\\Temp\\rust_mozprofileREh9bJ"
1586569136629	addons.webextension.doh-rollout@mozilla.org	WARN	Loading extension 'doh-rollout@mozilla.org': Reading manifest: Invalid extension permission: networkStatus
1586569137731	addons.webextension.screenshots@mozilla.org	WARN	Loading extension 'screenshots@mozilla.org': Reading manifest: Invalid extension permission: mozillaAddons
1586569137731	addons.webextension.screenshots@mozilla.org	WARN	Loading extension 'screenshots@mozilla.org': Reading manifest: Invalid extension permission: telemetry
1586569137732	addons.webextension.screenshots@mozilla.org	WARN	Loading extension 'screenshots@mozilla.org': Reading manifest: Invalid extension permission: resource://pdf.js/
1586569137732	addons.webextension.screenshots@mozilla.org	WARN	Loading extension 'screenshots@mozilla.org': Reading manifest: Invalid extension permission: about:reader*
JavaScript error: resource://gre/modules/XULStore.jsm, line 66: Error: Can't find profile directory.
1586569140500	Marionette	INFO	Listening on port 56319
1586569140740	Marionette	WARN	TLS certificate errors will be ignored for this session
JavaScript error: resource:///actors/AboutReaderChild.jsm, line 95: NS_ERROR_UNEXPECTED: 
firefox.exe" "-marionette" "-foreground" "-no-remote" "-profile" "C:\\Users\\DELL\\AppData\\Local\\Temp\\rust_mozprofileQ6t3Sz"
1586569253753	addons.webextension.doh-rollout@mozilla.org	WARN	Loading extension 'doh-rollout@mozilla.org': Reading manifest: Invalid extension permission: networkStatus
1586569253819	addons.webextension.screenshots@mozilla.org	WARN	Loading extension 'screenshots@mozilla.org': Reading manifest: Invalid extension permission: mozillaAddons
1586569253820	addons.webextension.screenshots@mozilla.org	WARN	Loading extension 'screenshots@mozilla.org': Reading manifest: Invalid extension permission: telemetry
1586569253820	addons.webextension.screenshots@mozilla.org	WARN	Loading extension 'screenshots@mozilla.org': Reading manifest: Invalid extension permission: resource://pdf.js/
1586569253820	addons.webextension.screenshots@mozilla.org	WARN	Loading extension 'screenshots@mozilla.org': Reading manifest: Invalid extension permission: about:reader*
JavaScript error: resource://gre/modules/XULStore.jsm, line 66: Error: Can't find profile directory.
1586569256882	Marionette	INFO	Listening on port 56395
1586569257358	Marionette	WARN	TLS certificate errors will be ignored for this session

###!!! [Child][MessageChannel] Error: (msgtype=0x580011,name=PHttpChannel::Msg___delete__) Channel closing: too late to send/recv, messages will be lost

1586569261931	Marionette	INFO	Stopped listening on port 56395

###!!! [Child][MessageChannel::SendAndWait] Error: Channel error: cannot send/recv

libpng warning: iCCP: cHRM chunk does not match sRGB
1586569303190	mozrunner::runner	INFO	Running command: "C:\\Program Files\\Mozilla Firefox\\firefox.exe" "-marionette" "-foreground" "-no-remote" "-profile" "C:\\Users\\DELL\\AppData\\Local\\Temp\\rust_mozprofile4QmxUy"
1586569303495	addons.webextension.doh-rollout@mozilla.org	WARN	Loading extension 'doh-rollout@mozilla.org': Reading manifest: Invalid extension permission: networkStatus
1586569303523	addons.webextension.screenshots@mozilla.org	WARN	Loading extension 'screenshots@mozilla.org': Reading manifest: Invalid extension permission: mozillaAddons
1586569303523	addons.webextension.screenshots@mozilla.org	WARN	Loading extension 'screenshots@mozilla.org': Reading manifest: Invalid extension permission: telemetry
1586569303523	addons.webextension.screenshots@mozilla.org	WARN	Loading extension 'screenshots@mozilla.org': Reading manifest: Invalid extension permission: resource://pdf.js/
1586569303523	addons.webextension.screenshots@mozilla.org	WARN	Loading extension 'screenshots@mozilla.org': Reading manifest: Invalid extension permission: about:reader*
JavaScript error: resource://gre/modules/XULStore.jsm, line 66: Error: Can't find profile directory.
1586569305039	Marionette	INFO	Listening on port 56484
1586569305198	Marionette	WARN	TLS certificate errors will be ignored for this session
JavaScript warning: https://c.dgzq.com.cn:8888/plug-in/bss/js/common/jquery-1.9.1.min.js, line 2: Using //@ to indicate sourceMappingURL pragmas is deprecated. Use //# instead
JavaScript error: https://c.dgzq.com.cn:8888/, line 109: TypeError: window.attachEvent is not a function
JavaScript error: resource://gre/modules/NetworkGeolocationProvider.jsm, line 555: TypeError: xhr.response.location is undefined
JavaScript error: resource://gre/modules/NetworkGeolocationProvider.jsm, line 555: TypeError: xhr.response.location is undefined
JavaScript error: resource:///actors/AboutReaderChild.jsm, line 95: NS_ERROR_UNEXPECTED: 
